[    0.000000] Initializing cgroup subsys cpuset
[    0.000000] Initializing cgroup subsys cpu
[    0.000000] Initializing cgroup subsys cpuacct
[    0.000000] Linux version 4.4.0-173-generic (buildd@lgw01-amd64-037) (gcc version 5.4.0 20160609 (Ubuntu 5.4.0-6ubuntu1~16.04.12) ) #203-Ubuntu SMP Wed Jan 15 02:55:01 UTC 2020 (Ubuntu 4.4.0-173.203-generic 4.4.208)
[    0.000000] Command line: BOOT_IMAGE=/boot/vmlinuz-4.4.0-173-generic root=LABEL=cloudimg-rootfs ro console=tty1 console=ttyS0
[    0.000000] KERNEL supported cpus:
[    0.000000]   Intel GenuineIntel
[    0.000000]   AMD AuthenticAMD
[    0.000000]   Centaur CentaurHauls
[    0.000000] x86/fpu: xstate_offset[2]:  576, xstate_sizes[2]:  256
[    0.000000] x86/fpu: Supporting XSAVE feature 0x01: 'x87 floating point registers'
[    0.000000] x86/fpu: Supporting XSAVE feature 0x02: 'SSE registers'
[    0.000000] x86/fpu: Supporting XSAVE feature 0x04: 'AVX registers'
[    0.000000] x86/fpu: Enabled xstate features 0x7, context size is 832 bytes, using 'standard' format.
[    0.000000] e820: BIOS-provided physical RAM map:
[    0.000000] BIOS-e820: [mem 0x0000000000000000-0x000000000009fbff] usable
[    0.000000] BIOS-e820: [mem 0x000000000009fc00-0x000000000009ffff] reserved
[    0.000000] BIOS-e820: [mem 0x00000000000f0000-0x00000000000fffff] reserved
[    0.000000] BIOS-e820: [mem 0x0000000000100000-0x000000001ffeffff] usable
[    0.000000] BIOS-e820: [mem 0x000000001fff0000-0x000000001fffffff] ACPI data
[    0.000000] BIOS-e820: [mem 0x00000000fec00000-0x00000000fec00fff] reserved
[    0.000000] BIOS-e820: [mem 0x00000000fee00000-0x00000000fee00fff] reserved
[    0.000000] BIOS-e820: [mem 0x00000000fffc0000-0x00000000ffffffff] reserved
[    0.000000] NX (Execute Disable) protection: active
[    0.000000] SMBIOS 2.5 present.
[    0.000000] Hypervisor detected: KVM
[    0.000000] e820: last_pfn = 0x1fff0 max_arch_pfn = 0x400000000
[    0.000000] MTRR: Disabled
[    0.000000] x86/PAT: MTRRs disabled, skipping PAT initialization too.
[    0.000000] CPU MTRRs all blank - virtualized system.
[    0.000000] x86/PAT: Configuration [0-7]: WB  WT  UC- UC  WB  WT  UC- UC  
[    0.000000] found SMP MP-table at [mem 0x0009fff0-0x0009ffff] mapped at [ffff88000009fff0]
[    0.000000] Scanning 1 areas for low memory corruption
[    0.000000] RAMDISK: [mem 0x1e8bc000-0x1f741fff]
[    0.000000] ACPI: Early table checksum verification disabled
[    0.000000] ACPI: RSDP 0x00000000000E0000 000024 (v02 VBOX  )
[    0.000000] ACPI: XSDT 0x000000001FFF0030 00003C (v01 VBOX   VBOXXSDT 00000001 ASL  00000061)
[    0.000000] ACPI: FACP 0x000000001FFF00F0 0000F4 (v04 VBOX   VBOXFACP 00000001 ASL  00000061)
[    0.000000] ACPI: DSDT 0x000000001FFF0470 002325 (v02 VBOX   VBOXBIOS 00000002 INTL 20100528)
[    0.000000] ACPI: FACS 0x000000001FFF0200 000040
[    0.000000] ACPI: FACS 0x000000001FFF0200 000040
[    0.000000] ACPI: APIC 0x000000001FFF0240 00005C (v02 VBOX   VBOXAPIC 00000001 ASL  00000061)
[    0.000000] ACPI: SSDT 0x000000001FFF02A0 0001CC (v01 VBOX   VBOXCPUT 00000002 INTL 20100528)
[    0.000000] No NUMA configuration found
[    0.000000] Faking a node at [mem 0x0000000000000000-0x000000001ffeffff]
[    0.000000] NODE_DATA(0) allocated [mem 0x1ffeb000-0x1ffeffff]
[    0.000000] kvm-clock: Using msrs 4b564d01 and 4b564d00
[    0.000000] kvm-clock: cpu 0, msr 0:1ffe3001, primary cpu clock
[    0.000000] kvm-clock: using sched offset of 3368617306 cycles
[    0.000000] clocksource: kvm-clock: mask: 0xffffffffffffffff max_cycles: 0x1cd42e4dffb, max_idle_ns: 881590591483 ns
[    0.000000] Zone ranges:
[    0.000000]   DMA      [mem 0x0000000000001000-0x0000000000ffffff]
[    0.000000]   DMA32    [mem 0x0000000001000000-0x000000001ffeffff]
[    0.000000]   Normal   empty
[    0.000000]   Device   empty
[    0.000000] Movable zone start for each node
[    0.000000] Early memory node ranges
[    0.000000]   node   0: [mem 0x0000000000001000-0x000000000009efff]
[    0.000000]   node   0: [mem 0x0000000000100000-0x000000001ffeffff]
[    0.000000] Initmem setup node 0 [mem 0x0000000000001000-0x000000001ffeffff]
[    0.000000] ACPI: PM-Timer IO Port: 0x4008
[    0.000000] IOAPIC[0]: apic_id 2, version 32, address 0xfec00000, GSI 0-23
[    0.000000] ACPI: INT_SRC_OVR (bus 0 bus_irq 0 global_irq 2 dfl dfl)
[    0.000000] ACPI: INT_SRC_OVR (bus 0 bus_irq 9 global_irq 9 low level)
[    0.000000] Using ACPI (MADT) for SMP configuration information
[    0.000000] smpboot: Allowing 2 CPUs, 0 hotplug CPUs
[    0.000000] PM: Registered nosave memory: [mem 0x00000000-0x00000fff]
[    0.000000] PM: Registered nosave memory: [mem 0x0009f000-0x0009ffff]
[    0.000000] PM: Registered nosave memory: [mem 0x000a0000-0x000effff]
[    0.000000] PM: Registered nosave memory: [mem 0x000f0000-0x000fffff]
[    0.000000] e820: [mem 0x20000000-0xfebfffff] available for PCI devices
[    0.000000] Booting paravirtualized kernel on KVM
[    0.000000] clocksource: refined-jiffies: mask: 0xffffffff max_cycles: 0xffffffff, max_idle_ns: 7645519600211568 ns
[    0.000000] setup_percpu: NR_CPUS:512 nr_cpumask_bits:512 nr_cpu_ids:2 nr_node_ids:1
[    0.000000] PERCPU: Embedded 33 pages/cpu @ffff88001fc00000 s95448 r8192 d31528 u1048576
[    0.000000] Built 1 zonelists in Node order, mobility grouping on.  Total pages: 128888
[    0.000000] Policy zone: DMA32
[    0.000000] Kernel command line: BOOT_IMAGE=/boot/vmlinuz-4.4.0-173-generic root=LABEL=cloudimg-rootfs ro console=tty1 console=ttyS0
[    0.000000] PID hash table entries: 2048 (order: 2, 16384 bytes)
[    0.000000] Memory: 481600K/523832K available (8626K kernel code, 1336K rwdata, 4032K rodata, 1488K init, 1292K bss, 42232K reserved, 0K cma-reserved)
[    0.000000] SLUB: HWalign=64, Order=0-3, MinObjects=0, CPUs=2, Nodes=1
[    0.000000] Kernel/User page tables isolation: enabled
[    0.000000] Hierarchical RCU implementation.
[    0.000000] 	Build-time adjustment of leaf fanout to 64.
[    0.000000] 	RCU restricting CPUs from NR_CPUS=512 to nr_cpu_ids=2.
[    0.000000] RCU: Adjusting geometry for rcu_fanout_leaf=64, nr_cpu_ids=2
[    0.000000] NR_IRQS:33024 nr_irqs:440 16
[    0.000000] Console: colour VGA+ 80x25
[    0.000000] console [tty1] enabled
[    0.000000] console [ttyS0] enabled
[    0.000000] tsc: Detected 2591.998 MHz processor
[    0.160315] Calibrating delay loop (skipped) preset value.. 5183.99 BogoMIPS (lpj=10367992)
[    0.162238] pid_max: default: 32768 minimum: 301
[    0.163280] ACPI: Core revision 20150930
[    0.166276] ACPI: 2 ACPI AML tables successfully acquired and loaded
[    0.167800] Security Framework initialized
[    0.168752] Yama: becoming mindful.
[    0.169605] AppArmor: AppArmor initialized
[    0.170562] Dentry cache hash table entries: 65536 (order: 7, 524288 bytes)
[    0.171994] Inode-cache hash table entries: 32768 (order: 6, 262144 bytes)
[    0.173418] Mount-cache hash table entries: 1024 (order: 1, 8192 bytes)
[    0.174775] Mountpoint-cache hash table entries: 1024 (order: 1, 8192 bytes)
[    0.176297] Initializing cgroup subsys io
[    0.177274] Initializing cgroup subsys memory
[    0.178296] Initializing cgroup subsys devices
[    0.179362] Initializing cgroup subsys freezer
[    0.180341] Initializing cgroup subsys net_cls
[    0.181509] Initializing cgroup subsys perf_event
[    0.182694] Initializing cgroup subsys net_prio
[    0.183808] Initializing cgroup subsys hugetlb
[    0.184847] Initializing cgroup subsys pids
[    0.186729] mce: CPU supports 0 MCE banks
[    0.187727] Last level iTLB entries: 4KB 64, 2MB 8, 4MB 8
[    0.188904] Last level dTLB entries: 4KB 64, 2MB 0, 4MB 0, 1GB 4
[    0.190143] Spectre V1 : Mitigation: usercopy/swapgs barriers and __user pointer sanitization
[    0.192042] Spectre V2 : Mitigation: Full generic retpoline
[    0.193200] Spectre V2 : Spectre v2 / SpectreRSB mitigation: Filling RSB on context switch
[    0.194976] Speculative Store Bypass: Vulnerable
[    0.196111] MDS: Vulnerable: Clear CPU buffers attempted, no microcode
[    0.200086] Freeing SMP alternatives memory: 36K
[    0.206611] ftrace: allocating 32304 entries in 127 pages
[    0.261214] smpboot: APIC(0) Converting physical 0 to logical package 0
[    0.262642] smpboot: Max logical packages: 1
[    0.263976] x2apic enabled
[    0.264959] Switched APIC routing to physical x2apic.
[    0.267260] ..TIMER: vector=0x30 apic1=0 pin1=2 apic2=-1 pin2=-1
[    0.376681] smpboot: CPU0: Intel(R) Core(TM) i7-9750H CPU @ 2.60GHz (family: 0x6, model: 0x9e, stepping: 0xa)
[    0.379066] Performance Events: unsupported p6 CPU model 158 no PMU driver, software events only.
[    0.389043] KVM setup paravirtual spinlock
[    0.390485] x86: Booting SMP configuration:
[    0.391506] .... node  #0, CPUs:      #1
[    0.392599] kvm-clock: cpu 1, msr 0:1ffe3041, secondary cpu clock
[    0.394427] mce: CPU supports 0 MCE banks
[    0.397083] x86: Booted up 1 node, 2 CPUs
[    0.398287] smpboot: Total of 2 processors activated (10367.99 BogoMIPS)
[    0.401041] devtmpfs: initialized
[    0.403008] evm: security.selinux
[    0.403777] evm: security.SMACK64
[    0.404609] evm: security.SMACK64EXEC
[    0.405672] evm: security.SMACK64TRANSMUTE
[    0.406556] evm: security.SMACK64MMAP
[    0.407401] evm: security.ima
[    0.408149] evm: security.capability
[    0.409300] clocksource: jiffies: mask: 0xffffffff max_cycles: 0xffffffff, max_idle_ns: 7645041785100000 ns
[    0.411461] futex hash table entries: 512 (order: 3, 32768 bytes)
[    0.412942] pinctrl core: initialized pinctrl subsystem
[    0.414195] RTC time: 11:30:37, date: 03/17/20
[    0.415355] NET: Registered protocol family 16
[    0.429567] cpuidle: using governor ladder
[    0.441236] cpuidle: using governor menu
[    0.442277] PCCT header not found.
[    0.443202] ACPI: bus type PCI registered
[    0.444161] acpiphp: ACPI Hot Plug PCI Controller Driver version: 0.5
[    0.445663] PCI: Using configuration type 1 for base access
[    0.458663] ACPI: Added _OSI(Module Device)
[    0.459712] ACPI: Added _OSI(Processor Device)
[    0.460728] ACPI: Added _OSI(3.0 _SCP Extensions)
[    0.461692] ACPI: Added _OSI(Processor Aggregator Device)
[    0.463452] ACPI: Executed 1 blocks of module-level executable AML code
[    0.466938] ACPI: Interpreter enabled
[    0.467834] ACPI: (supports S0 S5)
[    0.468721] ACPI: Using IOAPIC for interrupt routing
[    0.470032] PCI: Using host bridge windows from ACPI; if necessary, use "pci=nocrs" and report a bug
[    0.475264] ACPI: PCI Root Bridge [PCI0] (domain 0000 [bus 00-ff])
[    0.476571] acpi PNP0A03:00: _OSC: OS supports [ASPM ClockPM Segments MSI]
[    0.478331] acpi PNP0A03:00: _OSC: not requesting OS control; OS requires [ExtendedConfig ASPM ClockPM MSI]
[    0.480528] acpi PNP0A03:00: fail to add MMCONFIG information, can't access extended PCI configuration space under this bridge.
[    0.483272] PCI host bridge to bus 0000:00
[    0.484252] pci_bus 0000:00: root bus resource [io  0x0000-0x0cf7 window]
[    0.485882] pci_bus 0000:00: root bus resource [io  0x0d00-0xffff window]
[    0.487311] pci_bus 0000:00: root bus resource [mem 0x000a0000-0x000bffff window]
[    0.488951] pci_bus 0000:00: root bus resource [mem 0x20000000-0xfdffffff window]
[    0.490730] pci_bus 0000:00: root bus resource [bus 00-ff]
[    0.493453] pci 0000:00:01.1: legacy IDE quirk: reg 0x10: [io  0x01f0-0x01f7]
[    0.494972] pci 0000:00:01.1: legacy IDE quirk: reg 0x14: [io  0x03f6]
[    0.496394] pci 0000:00:01.1: legacy IDE quirk: reg 0x18: [io  0x0170-0x0177]
[    0.497926] pci 0000:00:01.1: legacy IDE quirk: reg 0x1c: [io  0x0376]
[    0.523323] pci 0000:00:07.0: quirk: [io  0x4000-0x403f] claimed by PIIX4 ACPI
[    0.524969] pci 0000:00:07.0: quirk: [io  0x4100-0x410f] claimed by PIIX4 SMB
[    0.531063] ACPI: PCI Interrupt Link [LNKA] (IRQs 5 9 10 *11)
[    0.532994] ACPI: PCI Interrupt Link [LNKB] (IRQs 5 9 *10 11)
[    0.534683] ACPI: PCI Interrupt Link [LNKC] (IRQs 5 *9 10 11)
[    0.536498] ACPI: PCI Interrupt Link [LNKD] (IRQs 5 9 10 *11)
[    0.538234] ACPI: Enabled 2 GPEs in block 00 to 07
[    0.539675] vgaarb: setting as boot device: PCI:0000:00:02.0
[    0.540825] vgaarb: device added: PCI:0000:00:02.0,decodes=io+mem,owns=io+mem,locks=none
[    0.542793] vgaarb: loaded
[    0.543525] vgaarb: bridge control possible 0000:00:02.0
[    0.544874] SCSI subsystem initialized
[    0.545885] ACPI: bus type USB registered
[    0.546860] usbcore: registered new interface driver usbfs
[    0.548061] usbcore: registered new interface driver hub
[    0.549343] usbcore: registered new device driver usb
[    0.550655] PCI: Using ACPI for IRQ routing
[    0.551881] NetLabel: Initializing
[    0.552772] NetLabel:  domain hash size = 128
[    0.553809] NetLabel:  protocols = UNLABELED CIPSOv4
[    0.554948] NetLabel:  unlabeled traffic allowed by default
[    0.556784] amd_nb: Cannot enumerate AMD northbridges
[    0.558209] clocksource: Switched to clocksource kvm-clock
[    0.564556] AppArmor: AppArmor Filesystem Enabled
[    0.566031] pnp: PnP ACPI init
[    0.568622] pnp: PnP ACPI: found 3 devices
[    0.578432] clocksource: acpi_pm: mask: 0xffffff max_cycles: 0xffffff, max_idle_ns: 2085701024 ns
[    0.580444] NET: Registered protocol family 2
[    0.581757] TCP established hash table entries: 4096 (order: 3, 32768 bytes)
[    0.583263] TCP bind hash table entries: 4096 (order: 4, 65536 bytes)
[    0.584626] TCP: Hash tables configured (established 4096 bind 4096)
[    0.585973] UDP hash table entries: 256 (order: 1, 8192 bytes)
[    0.587283] UDP-Lite hash table entries: 256 (order: 1, 8192 bytes)
[    0.588624] NET: Registered protocol family 1
[    0.589635] pci 0000:00:00.0: Limiting direct PCI/PCI transfers
[    0.590963] pci 0000:00:01.0: Activating ISA DMA hang workarounds
[    0.593264] Unpacking initramfs...
[    0.752372] Freeing initrd memory: 14872K
[    0.753450] clocksource: tsc: mask: 0xffffffffffffffff max_cycles: 0x255cb518234, max_idle_ns: 440795279333 ns
[    0.755765] platform rtc_cmos: registered platform RTC device (no PNP device found)
[    0.757709] Scanning for low memory corruption every 60 seconds
[    0.759359] audit: initializing netlink subsys (disabled)
[    0.760554] audit: type=2000 audit(1584444643.022:1): initialized
[    0.762045] Initialise system trusted keyring
[    0.763266] HugeTLB registered 2 MB page size, pre-allocated 0 pages
[    0.766649] zbud: loaded
[    0.767660] VFS: Disk quotas dquot_6.6.0
[    0.768597] VFS: Dquot-cache hash table entries: 512 (order 0, 4096 bytes)
[    0.770152] squashfs: version 4.0 (2009/01/31) Phillip Lougher
[    0.771660] fuse init (API version 7.23)
[    0.772697] Key type big_key registered
[    0.773574] Allocating IMA MOK and blacklist keyrings.
[    0.776061] Key type asymmetric registered
[    0.777044] Asymmetric key parser 'x509' registered
[    0.778097] Block layer SCSI generic (bsg) driver version 0.4 loaded (major 249)
[    0.779995] io scheduler noop registered
[    0.781005] io scheduler deadline registered (default)
[    0.782144] io scheduler cfq registered
[    0.783125] pci_hotplug: PCI Hot Plug PCI Core version: 0.5
[    0.784352] pciehp: PCI Express Hot Plug Controller Driver version: 0.4
[    0.785711] ACPI: AC Adapter [AC] (on-line)
[    0.786700] input: Power Button as /devices/LNXSYSTM:00/LNXPWRBN:00/input/input0
[    0.788441] ACPI: Power Button [PWRF]
[    0.789476] input: Sleep Button as /devices/LNXSYSTM:00/LNXSLPBN:00/input/input1
[    0.791271] ACPI: Sleep Button [SLPF]
[    0.792814] ACPI: Battery Slot [BAT0] (battery present)
[    0.794005] GHES: HEST is not enabled!
[    0.795032] Serial: 8250/16550 driver, 32 ports, IRQ sharing enabled
[    0.816804] 00:02: ttyS0 at I/O 0x3f8 (irq = 4, base_baud = 115200) is a 16550A
[    0.819326] Linux agpgart interface v0.103
[    0.821717] loop: module loaded
[    0.823157] scsi host0: ata_piix
[    0.824249] scsi host1: ata_piix
[    0.825114] ata1: PATA max UDMA/33 cmd 0x1f0 ctl 0x3f6 bmdma 0xd000 irq 14
[    0.826443] ata2: PATA max UDMA/33 cmd 0x170 ctl 0x376 bmdma 0xd008 irq 15
[    0.827956] libphy: Fixed MDIO Bus: probed
[    0.828956] tun: Universal TUN/TAP device driver, 1.6
[    0.830142] tun: (C) 1999-2004 Max Krasnyansky <maxk@qualcomm.com>
[    0.832495] PPP generic driver version 2.4.2
[    0.833523] ehci_hcd: USB 2.0 'Enhanced' Host Controller (EHCI) Driver
[    0.834885] ehci-pci: EHCI PCI platform driver
[    0.835997] ehci-platform: EHCI generic platform driver
[    0.837251] ohci_hcd: USB 1.1 'Open' Host Controller (OHCI) Driver
[    0.838657] ohci-pci: OHCI PCI platform driver
[    0.839745] ohci-platform: OHCI generic platform driver
[    0.840898] uhci_hcd: USB Universal Host Controller Interface driver
[    0.842377] i8042: PNP: PS/2 Controller [PNP0303:PS2K,PNP0f03:PS2M] at 0x60,0x64 irq 1,12
[    0.844771] serio: i8042 KBD port at 0x60,0x64 irq 1
[    0.845888] serio: i8042 AUX port at 0x60,0x64 irq 12
[    0.847110] mousedev: PS/2 mouse device common for all mice
[    0.848618] rtc_cmos rtc_cmos: rtc core: registered rtc_cmos as rtc0
[    0.850036] rtc_cmos rtc_cmos: alarms up to one day, 114 bytes nvram
[    0.851440] i2c /dev entries driver
[    0.852354] device-mapper: uevent: version 1.0.3
[    0.853448] input: AT Translated Set 2 keyboard as /devices/platform/i8042/serio0/input/input2
[    0.855548] device-mapper: ioctl: 4.34.0-ioctl (2015-10-28) initialised: dm-devel@redhat.com
[    0.857474] ledtrig-cpu: registered to indicate activity on CPUs
[    0.859253] NET: Registered protocol family 10
[    0.860462] NET: Registered protocol family 17
[    0.861508] Key type dns_resolver registered
[    0.862694] registered taskstats version 1
[    0.863672] Loading compiled-in X.509 certificates
[    0.865146] Loaded X.509 cert 'Build time autogenerated kernel key: 4e6a82653c7e3a258f066f23f1954299de63b157'
[    0.867216] zswap: loaded using pool lzo/zbud
[    0.870007] Key type trusted registered
[    0.874407] Key type encrypted registered
[    0.875371] AppArmor: AppArmor sha1 policy hashing enabled
[    0.876560] ima: No TPM chip found, activating TPM-bypass!
[    0.877629] ima: Allocated hash algorithm: sha1
[    0.878755] evm: HMAC attrs: 0x1
[    0.879933]   Magic number: 12:900:529
[    0.880963] rtc_cmos rtc_cmos: setting system clock to 2020-03-17 11:30:38 UTC (1584444638)
[    0.883024] BIOS EDD facility v0.16 2004-Jun-25, 0 devices found
[    0.884354] EDD information not available.
[    1.647599] Freeing unused kernel memory: 1488K
[    1.648673] Write protecting the kernel read-only data: 14336k
[    1.650247] Freeing unused kernel memory: 1604K
[    1.651408] Freeing unused kernel memory: 64K
Loading, please wait...
starting version 229
[    1.664377] random: systemd-udevd: uninitialized urandom read (16 bytes read, 3 bits of entropy available)
[    1.664494] random: udevadm: uninitialized urandom read (16 bytes read, 3 bits of entropy available)
[    1.664506] random: udevadm: uninitialized urandom read (16 bytes read, 3 bits of entropy available)
[    1.670916] random: systemd-udevd: uninitialized urandom read (16 bytes read, 3 bits of entropy available)
[    1.670921] random: udevadm: uninitialized urandom read (16 bytes read, 3 bits of entropy available)
[    1.670950] random: udevadm: uninitialized urandom read (16 bytes read, 3 bits of entropy available)
[    1.671124] random: udevadm: uninitialized urandom read (16 bytes read, 3 bits of entropy available)
[    1.671179] random: udevadm: uninitialized urandom read (16 bytes read, 3 bits of entropy available)
[    1.671216] random: udevadm: uninitialized urandom read (16 bytes read, 3 bits of entropy available)
[    1.671253] random: udevadm: uninitialized urandom read (16 bytes read, 3 bits of entropy available)
[    1.709253] e1000: Intel(R) PRO/1000 Network Driver - version 7.3.21-k8-NAPI
[    1.710795] e1000: Copyright (c) 1999-2006 Intel Corporation.
[    1.715950] Fusion MPT base driver 3.04.20
[    1.716971] Copyright (c) 1999-2008 LSI Corporation
[    1.722423] Fusion MPT SPI Host driver 3.04.20
[    1.732785] AVX2 version of gcm_enc/dec engaged.
[    1.733859] AES CTR mode by8 optimization enabled
[    1.948519] input: ImExPS/2 Generic Explorer Mouse as /devices/platform/i8042/serio1/input/input4
[    2.649091] e1000 0000:00:03.0 eth0: (PCI:33MHz:32-bit) 02:0e:0c:9a:00:f0
[    2.650499] e1000 0000:00:03.0 eth0: Intel(R) PRO/1000 Network Connection
[    2.652592] mptbase: ioc0: Initiating bringup
[    3.635184] ioc0: LSI53C1030 A0: Capabilities={Initiator}
[    5.641010] scsi host2: ioc0: LSI53C1030 A0, FwRev=00000000h, Ports=1, MaxQ=256, IRQ=20
[    7.632485] scsi 2:0:0:0: Direct-Access     VBOX     HARDDISK         1.0  PQ: 0 ANSI: 5
[    7.638044] scsi target2:0:0: Beginning Domain Validation
[    7.642380] scsi target2:0:0: Domain Validation skipping write tests
[    7.643599] scsi target2:0:0: Ending Domain Validation
[    7.644827] scsi target2:0:0: asynchronous
[    7.646406] scsi 2:0:1:0: Direct-Access     VBOX     HARDDISK         1.0  PQ: 0 ANSI: 5
[    7.647995] scsi target2:0:1: Beginning Domain Validation
[    7.651181] scsi target2:0:1: Domain Validation skipping write tests
[    7.652350] scsi target2:0:1: Ending Domain Validation
[    7.653441] scsi target2:0:1: asynchronous
[    7.658685] sd 2:0:0:0: Attached scsi generic sg0 type 0
[    7.670889] sd 2:0:0:0: [sda] 20971520 512-byte logical blocks: (10.7 GB/10.0 GiB)
[    7.672836] sd 2:0:1:0: Attached scsi generic sg1 type 0
[    7.673338] sd 2:0:1:0: [sdb] 20480 512-byte logical blocks: (10.5 MB/10.0 MiB)
[    7.673461] sd 2:0:1:0: [sdb] Write Protect is off
[    7.673632] sd 2:0:1:0: [sdb] Incomplete mode parameter data
[    7.673633] sd 2:0:1:0: [sdb] Assuming drive cache: write through
[    7.680524] sd 2:0:0:0: [sda] Write Protect is off
[    7.681869] sd 2:0:0:0: [sda] Incomplete mode parameter data
[    7.683762] sd 2:0:0:0: [sda] Assuming drive cache: write through
[    7.766147]  sda: sda1
[    7.768417] sd 2:0:0:0: [sda] Attached SCSI disk
[    7.769597] sd 2:0:1:0: [sdb] Attached SCSI disk
[    8.003203] e1000 0000:00:08.0 eth1: (PCI:33MHz:32-bit) 08:00:27:57:8a:f4
[    8.004633] e1000 0000:00:08.0 eth1: Intel(R) PRO/1000 Network Connection
[    8.006623] e1000 0000:00:08.0 enp0s8: renamed from eth1
[    8.019263] e1000 0000:00:03.0 enp0s3: renamed from eth0
Begin: Loading essential drivers ... [    9.404853] md: linear personality registered for level -1
[    9.407738] md: multipath personality registered for level -4
[    9.410482] md: raid0 personality registered for level 0
[    9.414117] md: raid1 personality registered for level 1
[    9.486619] raid6: sse2x1   gen() 13980 MB/s
[    9.554940] raid6: sse2x1   xor() 10547 MB/s
[    9.622280] raid6: sse2x2   gen() 17161 MB/s
[    9.690601] raid6: sse2x2   xor() 12125 MB/s
[    9.758439] raid6: sse2x4   gen() 19750 MB/s
[    9.826267] raid6: sse2x4   xor() 13254 MB/s
[    9.894586] raid6: avx2x1   gen() 28192 MB/s
[    9.962435] raid6: avx2x2   gen() 31999 MB/s
[   10.030244] raid6: avx2x4   gen() 35299 MB/s
[   10.031293] raid6: using algorithm avx2x4 gen() 35299 MB/s
[   10.032476] raid6: using avx2x2 recovery algorithm
[   10.034496] xor: automatically using best checksumming function:
[   10.075004]    avx       : 33046.000 MB/sec
[   10.076802] async_tx: api initialized (async)
[   10.085241] md: raid6 personality registered for level 6
[   10.086469] md: raid5 personality registered for level 5
[   10.087498] md: raid4 personality registered for level 4
[   10.093464] md: raid10 personality registered for level 10
done.
Begin: Running /scripts/init-premount ... done.
Begin: Mounting root file system ... Begin: Running /scripts/local-top ... done.
Begin: Running /scripts/local-premount ... [   10.119474] Btrfs loaded
Scanning for Btrfs filesystems
done.
Warning: fsck not present, so skipping root file system
[   10.149818] EXT4-fs (sda1): mounted filesystem with ordered data mode. Opts: (null)
done.
Begin: Running /scripts/local-bottom ... done.
Begin: Running /scripts/init-bottom ... done.
[   10.235322] systemd[1]: systemd 229 running in system mode. (+PAM +AUDIT +SELINUX +IMA +APPARMOR +SMACK +SYSVINIT +UTMP +LIBCRYPTSETUP +GCRYPT +GNUTLS +ACL +XZ -LZ4 +SECCOMP +BLKID +ELFUTILS +KMOD -IDN)
[   10.239082] systemd[1]: Detected virtualization oracle.
[   10.240156] systemd[1]: Detected architecture x86-64.

Welcome to [1mUbuntu 16.04.6 LTS[0m!

[   10.251368] systemd[1]: Set hostname to <ubuntu>.
[   10.255986] systemd[1]: Initializing machine ID from random generator.
[   10.257375] systemd[1]: Installed transient /etc/machine-id file.
[   10.371113] systemd[1]: Created slice User and Session Slice.
[[0;32m  OK  [0m] Created slice User and Session Slice.
[   10.373090] systemd[1]: Reached target Encrypted Volumes.
[[0;32m  OK  [0m] Reached target Encrypted Volumes.
[   10.374981] systemd[1]: Listening on LVM2 poll daemon socket.
[[0;32m  OK  [0m] Listening on LVM2 poll daemon socket.
[   10.376976] systemd[1]: Listening on /dev/initctl Compatibility Named Pipe.
[[0;32m  OK  [0m] Listening on /dev/initctl Compatibility Named Pipe.
[   10.379228] systemd[1]: Listening on Journal Socket (/dev/log).
[[0;32m  OK  [0m] Listening on Journal Socket (/dev/log).
[   10.381189] systemd[1]: Reached target User and Group Name Lookups.
[[0;32m  OK  [0m] Reached target User and Group Name Lookups.
[   10.383292] systemd[1]: Listening on LVM2 metadata daemon socket.
[[0;32m  OK  [0m] Listening on LVM2 metadata daemon socket.
[   10.385345] systemd[1]: Listening on Device-mapper event daemon FIFOs.
[[0;32m  OK  [0m] Listening on Device-mapper event daemon FIFOs.
[   10.387480] systemd[1]: Listening on Syslog Socket.
[[0;32m  OK  [0m] Listening on Syslog Socket.
[   10.389369] systemd[1]: Created slice System Slice.
[[0;32m  OK  [0m] Created slice System Slice.
[   10.391223] systemd[1]: Started Trigger resolvconf update for networkd DNS.
[[0;32m  OK  [0m] Started Trigger resolvconf update for networkd DNS.
[   10.393435] systemd[1]: Reached target System Time Synchronized.
[[0;32m  OK  [0m] Reached target System Time Synchronized.
[   10.395572] systemd[1]: Created slice system-serial\x2dgetty.slice.
[[0;32m  OK  [0m] Created slice system-serial\x2dgetty.slice.
[   10.397662] systemd[1]: Listening on Journal Audit Socket.
[[0;32m  OK  [0m] Listening on Journal Audit Socket.
[   10.399748] systemd[1]: Set up automount Arbitrary Executable File Formats File System Automount Point.
[[0;32m  OK  [0m] Set up automount Arbitrary Executab...ats File System Automount Point.
[   10.402818] systemd[1]: Reached target Swap.
[[0;32m  OK  [0m] Reached target Swap.
[   10.404429] systemd[1]: Started Forward Password Requests to Wall Directory Watch.
[[0;32m  OK  [0m] Started Forward Password Requests to Wall Directory Watch.
[   10.407021] systemd[1]: Listening on udev Kernel Socket.
[[0;32m  OK  [0m] Listening on udev Kernel Socket.
[   10.408927] systemd[1]: Listening on Journal Socket.
[[0;32m  OK  [0m] Listening on Journal Socket.
[   10.427317] systemd[1]: Starting Remount Root and Kernel File Systems...
         Starting Remount Root and Kernel File Systems...
[   10.436481] EXT4-fs (sda1): re-mounted. Opts: (null)
[   10.439635] systemd[1]: Starting Monitoring of LVM2 mirrors, snapshots etc. using dmeventd or progress polling...
         Starting Monitoring of LVM2 mirrors... dmeventd or progress polling...
[   10.445449] systemd[1]: Starting Uncomplicated firewall...
         Starting Uncomplicated firewall...
[   10.448498] systemd[1]: Mounting Debug File System...
         Mounting Debug File System...
[   10.452555] systemd[1]: Starting Load Kernel Modules...
         Starting Load Kernel Modules...
[   10.454990] systemd[1]: Starting Create list of required static device nodes for the current kernel...
         Starting Create list of required st... nodes for the current kernel...
[   10.458409] systemd[1]: Starting Set console keymap...
         Starting Set console keymap...
[   10.460811] systemd[1]: Starting Nameserver information manager...
[   0.462739] Loading iSCSI transport class v2.0-870.
         Starting Nameserver information manager...
[   10.464777] systemd[1]: Starting Journal Service...
         Starting Journal Service...
[   10.467468] systemd[1]: Mounting POSIX Message Queue File System...
         Mounting POSIX Message Queue File System...
[   10.472901] iscsi: registered transport (tcp)
[   10.478747] systemd[1]: Mounting Huge Pages File System...
         Mounting Huge Pages File System...
[   10.486501] systemd[1]: Reached target Slices.
[[0;32m  OK  [0m] Reached target Slices.
[   10.488118] systemd[1]: Listening on udev Control Socket.
[[0;32m  OK  [0m] Listening on udev Control Socket.
[   10.502341] iscsi: registered transport (iser)
[   10.514957] systemd[1]: Mounted Debug File System.
[[0;32m  OK  [0m] Mounted Debug File System.
[   10.526606] systemd[1]: Mounted Huge Pages File System.
[[0;32m  OK  [0m] Mounted Huge Pages File System.
[   10.528423] systemd[1]: Mounted POSIX Message Queue File System.
[[0;32m  OK  [0m] Mounted POSIX Message Queue File System.
[   10.539050] systemd[1]: Started Journal Service.
[[0;32m  OK  [0m] Started Journal Service.
[[0;32m  OK  [0m] Started Remount Root and Kernel File Systems.
[[0;32m  OK  [0m] Started Uncomplicated firewall.
[[0;32m  OK  [0m] Started Load Kernel Modules.
[[0;32m  OK  [0m] Started Create list of required sta...ce nodes for the current kernel.
[[0;32m  OK  [0m] Started Set console keymap.
[[0;32m  OK  [0m] Started Nameserver information manager.
[[0;32m  OK  [0m] Started LVM2 metadata daemon.
         Starting Create Static Device Nodes in /dev...
         Starting Apply Kernel Variables...
         Mounting FUSE Control File System...
         Starting udev Coldplug all Devices...
         Starting Load/Save Random Seed...
         Starting Flush Journal to Persistent Storage...
[[0;32m  OK  [0m] Mounted FUSE Control File System.
[[0;32m  OK  [0m] Started Apply Kernel Variables.
[[0;32m  OK  [0m] Started Load/Save Random Seed.
[[0;32m  OK  [0m] Started Create Static Device Nodes in /dev.
[[0;32m  OK  [0m] Started Flush Journal to Persistent Storage.
         Starting udev Kernel Device Manager...
[[0;32m  OK  [0m] Started udev Kernel Device Manager.
[[0;32m  OK  [0m] Started udev Coldplug all Devices.
[[0;32m  OK  [0m] Started Dispatch Password Requests to Console Directory Watch.
[[0;32m  OK  [0m] Found device /dev/ttyS0.
[[0;32m  OK  [0m] Listening on Load/Save RF Kill Switch Status /dev/rfkill Watch.
[[0;32m  OK  [0m] Started Monitoring of LVM2 mirrors,...ng dmeventd or progress polling.
[[0;32m  OK  [0m] Reached target Local File Systems (Pre).
[[0;32m  OK  [0m] Reached target Local File Systems.
         Starting Create Volatile Files and Directories...
         Starting LSB: AppArmor initialization...
         Starting Set console font and keymap...
         Starting Commit a transient machine-id on disk...
         Starting Initial cloud-init job (pre-networking)...
         Starting Tell Plymouth To Write Out Runtime Data...
[[0;32m  OK  [0m] Started Create Volatile Files and Directories.
         Starting Update UTMP about System Boot/Shutdown...
[[0;32m  OK  [0m] Started Update UTMP about System Boot/Shutdown.
[[0;32m  OK  [0m] Started Tell Plymouth To Write Out Runtime Data.
[[0;32m  OK  [0m] Started Commit a transient machine-id on disk.
[   12.254933] cloud-init[649]: Cloud-init v. 19.4-33-gbb4131a2-0ubuntu1~16.04.1 running 'init-local' at Tue, 17 Mar 2020 11:30:49 +0000. Up 11.79 seconds.
[[0;32m  OK  [0m] Started Initial cloud-init job (pre-networking).
[[0;32m  OK  [0m] Started Set console font and keymap.
[[0;32m  OK  [0m] Created slice system-getty.slice.
[[0;32m  OK  [0m] Reached target Network (Pre).
[[0;32m  OK  [0m] Started LSB: AppArmor initialization.
         Starting Raise network interfaces...
[[0;32m  OK  [0m] Started Raise network interfaces.
[[0;32m  OK  [0m] Reached target Network.
         Starting Initial cloud-init job (metadata service crawler)...
[   13.690043] cloud-init[967]: Cloud-init v. 19.4-33-gbb4131a2-0ubuntu1~16.04.1 running 'init' at Tue, 17 Mar 2020 11:30:50 +0000. Up 13.10 seconds.
[   13.691184] cloud-init[967]: ci-info: ++++++++++++++++++++++++++++++++++++Net device info+++++++++++++++++++++++++++++++++++++
[   13.692577] cloud-init[967]: ci-info: +--------+-------+------------------------+---------------+--------+-------------------+
[   13.694055] cloud-init[967]: ci-info: | Device |   Up  |        Address         |      Mask     | Scope  |     Hw-Address    |
[   13.695558] cloud-init[967]: ci-info: +--------+-------+------------------------+---------------+--------+-------------------+
[   13.697006] cloud-init[967]: ci-info: | enp0s3 |  True |       10.0.2.15        | 255.255.255.0 | global | 02:0e:0c:9a:00:f0 |
[   13.698484] cloud-init[967]: ci-info: | enp0s3 |  True | fe80::e:cff:fe9a:f0/64 |       .       |  link  | 02:0e:0c:9a:00:f0 |
[   13.699975] cloud-init[967]: ci-info: | enp0s8 | False |           .            |       .       |   .    | 08:00:27:57:8a:f4 |
[   13.701488] cloud-init[967]: ci-info: |   lo   |  True |       127.0.0.1        |   255.0.0.0   |  host  |         .         |
[   13.702995] cloud-init[967]: ci-info: |   lo   |  True |        ::1/128         |       .       |  host  |         .         |
[   13.704456] cloud-init[967]: ci-info: +--------+-------+------------------------+---------------+--------+-------------------+
[   13.705908] cloud-init[967]: ci-info: +++++++++++++++++++++++++++Route IPv4 info++++++++++++++++++++++++++++
[   13.713206] cloud-init[967]: ci-info: +-------+-------------+----------+---------------+-----------+-------+
[   13.720977] cloud-init[967]: ci-info: | Route | Destination | Gateway  |    Genmask    | Interface | Flags |
[   13.728795] cloud-init[967]: ci-info: +-------+-------------+----------+---------------+-----------+-------+
[   13.741027] cloud-init[967]: ci-info: |   0   |   0.0.0.0   | 10.0.2.2 |    0.0.0.0    |   enp0s3  |   UG  |
[   13.748366] cloud-init[967]: ci-info: |   1   |   10.0.2.0  | 0.0.0.0  | 255.255.255.0 |   enp0s3  |   U   |
[   13.748531] cloud-init[967]: ci-info: +-------+-------------+----------+---------------+-----------+-------+
[   13.749010] cloud-init[967]: ci-info: +++++++++++++++++++Route IPv6 info+++++++++++++++++++
[   13.749207] cloud-init[967]: ci-info: +-------+-------------+---------+-----------+-------+
[   13.749522] cloud-init[967]: ci-info: | Route | Destination | Gateway | Interface | Flags |
[   13.749847] cloud-init[967]: ci-info: +-------+-------------+---------+-----------+-------+
[   13.750116] cloud-init[967]: ci-info: |   0   |  fe80::/64  |    ::   |   enp0s3  |   U   |
[   13.750369] cloud-init[967]: ci-info: |   3   |   ff00::/8  |    ::   |   enp0s3  |   U   |
[   13.750911] cloud-init[967]: ci-info: +-------+-------------+---------+-----------+-------+
[   13.751556] cloud-init[967]: Generating public/private rsa key pair.
[[0;32m  OK  [0m] Started Initial cloud-init job (metadata service crawler).
[[0;32m  OK  [0m] Reached target Network is Online.
[   13.751885] cloud-init[967]: Your identification has been saved in /etc/ssh/ssh_host_rsa_key.
[   13.760498] cloud-init[967]: Your public key has been saved in /etc/ssh/ssh_host_rsa_key.pub.
[   13.761702] cloud-init[967]: The key fingerprint is:
         Starting iSCSI initiator daemon (iscsid)...
[[0;32m  OK  [0m] Reached target System Initialization.
[   13.772391] [[0;32m  OK  [0m] Started Daily Cleanup of Temporary Directories.
cloud-init[967]: SHA256:qdhS/vmfHHfjDbRf4HH2Stz1UF0GGfpa5crfmVW3ldc root@ubuntu-xenial
[   13.778625] cloud-init[967]: The key's randomart image is:
[   13.789325] cloud-init[967]: +---[RSA 2048]----+
[   13.789521] cloud-init[967]: |              o+o|
[   13.789768] cloud-init[967]: |             ...o|
[   13.790093] cloud-init[967]: |            .   +|
[[0;32m  OK  [0m] Started Message of the Day.
[[0;32m  OK  [0m] Started Daily apt download activities.
[[0;32m  OK  [0m] Started Daily apt upgrade and clean activities.
[[0;32m  OK  [0m] Listening on ACPID Listen Socket.
[   13.790140] cloud-init[967]: |         .   . +o|
[[0;32m  OK  [0m] Started ACPI Events Check.
[[0;32m  OK  [0m] Reached target Paths.
[[0;32m  OK  [0m] Reached target Timers.
[   13.800818] cloud-init[967]: |      . S     B.E|
         Starting LXD - unix socket.
[[0;32m  OK  [0m] Listening on UUID daemon activation socket.
         Starting Socket activation for snappy daemon.
[[0;32m  OK  [0m] Listening on D-Bus System Message Bus Socket.
[[0;32m  OK  [0m] Reached target Cloud-config availability.
[   13.804399] cloud-init[967]: |     = .     B XX|
[   13.814423] cloud-init[967]: |    o +     o XoB|
[   13.821043] cloud-init[967]: |     . . . . =.*O|
[[0;32m  OK  [0m] Listening on LXD - unix socket.
[[0;32m  OK  [0m] Listening on Socket activation for snappy daemon.
[[0;32m  OK  [0m] Reached target Sockets.
[[0;32m  OK  [0m] Reached target Basic System.
[[0;32m  OK  [0m] Started D-Bus System Message Bus.
[   13.828881] cloud-init[967]: |        o...+ .+=|
[   13.832801] cloud-init[967]: +----[SHA256]-----+
[   13.833858] cloud-init[967]: Generating public/private dsa key pair.
[   13.835114] cloud-init[967]: Your identification has been saved in /etc/ssh/ssh_host_dsa_key.
[   13.836634] cloud-init[967]: Your public key has been saved in /etc/ssh/ssh_host_dsa_key.pub.
[   13.837936] cloud-init[967]: The key fingerprint is:
[   13.839806] cloud-init[967]: SHA256:vxvP7EFxG9d9mADnXLD+A4OnC2wRSQSBvqd0J3bnGJo root@ubuntu-xenial
[   13.841572] cloud-init[967]: The key's randomart image is:
[   13.842892] cloud-init[967]: +---[DSA 1024]----+
[   13.844291] cloud-init[967]: |     .o+o ..+..  |
[   13.845844] cloud-init[967]: |    .  . . + + oo|
[   13.847087] cloud-init[967]: |   .    o   = = =|
[   13.848197] cloud-init[967]: |    .    . o o +.|
[   13.849338] cloud-init[967]: |     .  S . * .  |
[   13.850455] cloud-init[967]: |    o =.+o.+ +   |
[   13.852313] cloud-init[967]: |   . = *+=+ . o  |
[   13.853172] cloud-init[967]: |    . E....B . . |
[   13.854066] cloud-init[967]: |          +o=    |
[   13.854916] cloud-init[967]: +----[SHA256]-----+
[   13.855764] cloud-init[967]: Generating public/private ecdsa key pair.
[   13.856865] cloud-init[967]: Your identification has been saved in /etc/ssh/ssh_host_ecdsa_key.
[   13.858100] cloud-init[967]: Your public key has been saved in /etc/ssh/ssh_host_ecdsa_key.pub.
[   13.859251] cloud-init[967]: The key fingerprint is:
[   13.860154] cloud-init[967]: SHA256:qyibVMlYixu56joQFs9MagdumHsIliSPMU31jsYrFnE root@ubuntu-xenial
[   13.861413] cloud-init[967]: The key's randomart image is:
[   13.862348] cloud-init[967]: +---[ECDSA 256]---+
[   13.863195] cloud-init[967]: | o...            |
[   13.864039] cloud-init[967]: |++.. .           |
[   13.864896] cloud-init[967]: |=*@ E .          |
[   13.865750] cloud-init[967]: |*O.# =           |
[   13.866599] cloud-init[967]: |*+B O . S        |
[   13.867482] cloud-init[967]: |+ .B .   .       |
[   13.868346] cloud-init[967]: |..* .   .        |
[   13.869190] cloud-init[967]: |.+.o . .         |
[   13.870032] cloud-init[967]: |=ooo. .          |
[   13.870879] cloud-init[967]: +----[SHA256]-----+
[   13.876727]          cloud-initStarting /etc/rc.local Compatibility...[967]: 
Generating public/private ed25519 key pair.
[   13.877759] cloud-init[967]: Your identification has been saved in /etc/ssh/ssh_host_ed25519_key.
[   13.878620] cloud-init[967]: Your public key has been saved in /etc/ssh/ssh_host_ed25519_key.pub.
         Starting LSB: MD monitoring daemon...
         Starting LSB: Record successful boot for GRUB...
[   13.882054] cloud-init[967]: The key fingerprint is:
         [   13.888212] cloud-init[967]: SHA256:is5KAAsnxisBr+8KDpcFSWq6bPtmDzLm6qr8hxf6siU root@ubuntu-xenial
[   13.888506] Starting Accounts Service...cloud-init
[967]: The key's randomart image is:
         Starting Virtualbox guest utils...
         Starting Pollinate to seed the pseudo random number generator...
[[0;32m  OK  [0m] Started FUSE filesystem for LXC.
[[0;32m  OK  [0m] Started Regular background program processing daemon.
         Starting Login Service...
         Starting Snappy daemon...
[[0;32m  OK  [0m] Started Deferred execution scheduler.
         Starting System Logging Service...
[[0;32m  OK  [0m] Started ACPI event daemon.
         Starting LXD - container startup/shutdown...
[[0;32m  OK  [0m] Started iSCSI initiator daemon (iscsid).
[[0;32m  OK  [0m] Started /etc/rc.local Compatibility.
         Starting Login to default iSCSI targets...
[   13.890015] cloud-init[967]: +--[ED25519 256]--+
[[0;32m  OK  [0m] Started Login Service.
[[0;32m  OK  [0m] Started Login to default iSCSI targets.
[[0;32m  OK  [0m] Reached target Remote File Systems (Pre).
[[0;32m  OK  [0m] Reached target Remote File Systems.
         Starting LSB: automatic crash report generation...
         Starting Permit User Sessions...
         Starting LSB: daemon to balance interrupts for SMP systems...[   13.944579] cloud-init[967]: |. .              |
         Starting LSB: Set the CPU Frequency Scaling governor to "ondemand"...
[[0;32m  OK  [0m] Started Unattended Upgrades Shutdown.
[[0;32m  OK  [0m] Started LSB: Record successful boot for GRUB.
[[0;32m  OK  [0m] Started LSB: MD monitoring daemon.
[[0;32m  OK  [0m] Started Permit User Sessions.
         Starting Hold until boot process finishes up...
         Starting Terminate Plymouth Boot Screen...
[[0;32m  OK  [0m] Started Hold until boot process finishes up.
[[0;32m  OK  [0m] Started System Logging Service.
[[0;32m  OK  [0m] Started Serial Getty on ttyS0.
[[0;32m  OK  [0m] Started Getty on tty1.
[[0;32m  OK  [0m] Reached target Login Prompts.
         Starting Set console scheme...
[[0;32m  OK  [0m] Started Terminate Plymouth Boot Screen.
[[0;32m  OK  [0m] Started Set console scheme.

[   13.991068] cloud-init[967]: |o+ .             |
[[0;32m  OK  [0m] Started LSB: Set the CPU Frequency Scaling governor to "ondemand".
[   13.996467] cloud-init[967]: |*+=              |
[[0;32m  OK  [0m] Started LSB: daemon to balance interrupts for SMP systems.
[   14.006181] cloud-init[967]: |**..             |[[0;32m  OK  [0m] Started LSB: automatic crash report generation.

[   14.014295] cloud-init[967]: |*.  .   S        |
[   14.015960] cloud-init[967]: |o+ o o .         |
[   14.019747] cloud-init[967]: |+*=E+.o          |
[   14.023866] cloud-init[967]: |O++O+o           |
[   14.025234] cloud-init[967]: |XBB=Xo           |
         Starting Authenticate and Authorize Users to Run Privileged Tasks...
[   14.032250] cloud-init[967]: +----[SHA256]-----+
[[0;32m  OK  [0m] Started Virtualbox guest utils.
[[0;32m  OK  [0m] Started Authenticate and Authorize Users to Run Privileged Tasks.
[[0;32m  OK  [0m] Started Accounts Service.
[[0;32m  OK  [0m] Started LXD - container startup/shutdown.
[[0;32m  OK  [0m] Started Snappy daemon.
         Starting Wait until snapd is fully seeded...
[[0;32m  OK  [0m] Started Pollinate to seed the pseudo random number generator.
         Starting OpenBSD Secure Shell server...
[[0;32m  OK  [0m] Started OpenBSD Secure Shell server.
[[0;32m  OK  [0m] Started Wait until snapd is fully seeded.
[[0;32m  OK  [0m] Reached target Multi-User System.
[[0;32m  OK  [0m] Reached target Graphical Interface.
         Starting Update UTMP about System Runlevel Changes...
         Starting Apply the settings specified in cloud-config...
[[0;32m  OK  [0m] Started Update UTMP about System Runlevel Changes.
[   16.321081] cloud-init[1331]: Generating locales (this might take a while)...
[   17.079185] cloud-init[1331]:   en_US.UTF-8... done
[   17.084558] cloud-init[1331]: Generation complete.
[   17.335523] cloud-init[1331]: Cloud-init v. 19.4-33-gbb4131a2-0ubuntu1~16.04.1 running 'modules:config' at Tue, 17 Mar 2020 11:30:53 +0000. Up 16.11 seconds.
[[0;32m  OK  [0m] Started Apply the settings specified in cloud-config.
         Starting Execute cloud user/final scripts...
ci-info: no authorized SSH keys fingerprints found for user ubuntu.
<14>Mar 17 11:30:55 ec2: 
<14>Mar 17 11:30:55 ec2: #############################################################
<14>Mar 17 11:30:55 ec2: -----BEGIN SSH HOST KEY FINGERPRINTS-----
<14>Mar 17 11:30:55 ec2: 1024 SHA256:vxvP7EFxG9d9mADnXLD+A4OnC2wRSQSBvqd0J3bnGJo root@ubuntu-xenial (DSA)
<14>Mar 17 11:30:55 ec2: 256 SHA256:qyibVMlYixu56joQFs9MagdumHsIliSPMU31jsYrFnE root@ubuntu-xenial (ECDSA)
<14>Mar 17 11:30:55 ec2: 256 SHA256:is5KAAsnxisBr+8KDpcFSWq6bPtmDzLm6qr8hxf6siU root@ubuntu-xenial (ED25519)
<14>Mar 17 11:30:55 ec2: 2048 SHA256:qdhS/vmfHHfjDbRf4HH2Stz1UF0GGfpa5crfmVW3ldc root@ubuntu-xenial (RSA)
<14>Mar 17 11:30:55 ec2: -----END SSH HOST KEY FINGERPRINTS-----
<14>Mar 17 11:30:55 ec2: #############################################################
-----BEGIN SSH HOST KEY KEYS-----
ecdsa-sha2-nistp256 AAAAE2VjZHNhLXNoYTItbmlzdHAyNTYAAAAIbmlzdHAyNTYAAABBBOM1Ob0cowPsxRkk8WIxhaTKv8rlZImmxfplm3MNo86xU9xa2o72mpPAqfTk21fOXic/+jX/NphzGJtlQwGUSSI= root@ubuntu-xenial
ssh-ed25519 AAAAC3NzaC1lZDI1NTE5AAAAIMcUkqUOP70Q9rBJOkPSslx4Hqabldcaq70DDWjEJWJr root@ubuntu-xenial
ssh-rsa AAAAB3NzaC1yc2EAAAADAQABAAABAQDY1ZLsMFbHcyGAJNcs4/R1NPHns/7eHgCSPwe0MuteFbMyyPKr847t99sp2arZT6JmKwhlvtW7EPsrDPvvkchrhFJN1yvKKVyvfXRMYsNiEKE0SAFrv4y4sn7YasLSqZvBTjOnMJBvgNgbEQhuAZE2Ish5NcjmxT9nzSJ9EJ/FC+fRgcBbacFgkcis1C51SBCnR921Oa1pY3HMaOtPG93NEAKxd6tQjNq0UpBDTl4gk9BRQnboSu/K8T9EOOzur2zr1KcfXJKCzcN9+mzkfStGIceFyDEtppjp4u5hHRHHiwaWcz5b6pbf6pb493nGCcWTOkjC/UvCVZM9EbQFxzNP root@ubuntu-xenial
-----END SSH HOST KEY KEYS-----
[   17.828551] cloud-init[1370]: Cloud-init v. 19.4-33-gbb4131a2-0ubuntu1~16.04.1 running 'modules:final' at Tue, 17 Mar 2020 11:30:55 +0000. Up 17.67 seconds.
[   17.830450] cloud-init[1370]: ci-info: no authorized SSH keys fingerprints found for user ubuntu.
[   17.831585] cloud-init[1370]: Cloud-init v. 19.4-33-gbb4131a2-0ubuntu1~16.04.1 finished at Tue, 17 Mar 2020 11:30:55 +0000. Datasource DataSourceNoCloud [seed=/dev/sdb][dsmode=net].  Up 17.82 seconds
[[0;32m  OK  [0m] Started Execute cloud user/final scripts.
[[0;32m  OK  [0m] Reached target Cloud-init target.

Ubuntu 16.04.6 LTS ubuntu-xenial ttyS0

ubuntu-xenial login: 